"../../../../../../Users/johan/Documents/CursoUnreal/Groovy/JuegoMusica/Content/Materiales/Texturas/ride_1Surface_Color.uasset" 0
"../../../../../../Users/johan/Documents/CursoUnreal/Groovy/JuegoMusica/Content/Materiales/Ride.uasset" 1
"../../../../../../Users/johan/Documents/CursoUnreal/Groovy/JuegoMusica/Content/Assets3D/Ride.uasset" 2
"../../../../../../Users/johan/Documents/CursoUnreal/Groovy/JuegoMusica/Content/Assets3D/Barras/VallasSurface_Color.uasset" 3
"../../../../../../Users/johan/Documents/CursoUnreal/Groovy/JuegoMusica/Content/Assets3D/Barras/Cylinder.uasset" 4
"../../../../../../Users/johan/Documents/CursoUnreal/Groovy/JuegoMusica/Content/Assets3D/Personaje/PersonajePrincipal/Mat_Color_2.uasset" 5
"../../../../../../Users/johan/Documents/CursoUnreal/Groovy/JuegoMusica/Content/Assets3D/Personaje/PersonajePrincipal/Cabello.uasset" 6
"../../../../../../Users/johan/Documents/CursoUnreal/Groovy/JuegoMusica/Content/Assets3D/Personaje/PersonajePrincipal/Mat_Color_0.uasset" 7
"../../../Engine/Content/Animation/DefaultAnimBoneCompressionSettings.uasset" 8
"../../../../../../Users/johan/Documents/CursoUnreal/Groovy/JuegoMusica/Content/Assets3D/Personaje/PersonajePrincipal/PersonajeGroovy_Anim.uasset" 9
"../../../../../../Users/johan/Documents/CursoUnreal/Groovy/JuegoMusica/Content/Assets3D/Personaje/PersonajePrincipal/PersonajeGroovy_PhysicsAsset.uasset" 10
"../../../Engine/Content/Animation/DefaultAnimCurveCompressionSettings.uasset" 11
"../../../../../../Users/johan/Documents/CursoUnreal/Groovy/JuegoMusica/Content/Assets3D/Personaje/PersonajePrincipal/PersonajeGroovy_Skeleton.uasset" 12
"../../../../../../Users/johan/Documents/CursoUnreal/Groovy/JuegoMusica/Content/Assets3D/Personaje/PersonajePrincipal/Animaciones/Corriendo.uasset" 13
"../../../../../../Users/johan/Documents/CursoUnreal/Groovy/JuegoMusica/Content/Assets3D/Personaje/PersonajePrincipal/Animaciones/EscuchandoMusica.uasset" 14
"../../../../../../Users/johan/Documents/CursoUnreal/Groovy/JuegoMusica/Content/Assets3D/Personaje/PersonajePrincipal/Animaciones/Focus.uasset" 15
"../../../../../../Users/johan/Documents/CursoUnreal/Groovy/JuegoMusica/Content/Assets3D/Personaje/PersonajePrincipal/Animaciones/Standing_Idle.uasset" 16
"../../../../../../Users/johan/Documents/CursoUnreal/Groovy/JuegoMusica/Content/Assets3D/Personaje/PersonajePrincipal/Animaciones/idle_run.uasset" 17
"../../../../../../Users/johan/Documents/CursoUnreal/Groovy/JuegoMusica/Content/Assets3D/Personaje/PersonajePrincipal/Animaciones/Jumping.uasset" 18
"../../../../../../Users/johan/Documents/CursoUnreal/Groovy/JuegoMusica/Content/Assets3D/Personaje/PersonajePrincipal/Animaciones/Jumping__4_.uasset" 19
"../../../../../../Users/johan/Documents/CursoUnreal/Groovy/JuegoMusica/Content/Assets3D/Personaje/PersonajePrincipal/Animaciones/Left_Turn__1_.uasset" 20
"../../../../../../Users/johan/Documents/CursoUnreal/Groovy/JuegoMusica/Content/Assets3D/Personaje/PersonajePrincipal/Animaciones/Right_Turn.uasset" 21
"../../../../../../Users/johan/Documents/CursoUnreal/Groovy/JuegoMusica/Content/Assets3D/Personaje/PersonajePrincipal/Animaciones/Standard_Run.uasset" 22
"../../../../../../Users/johan/Documents/CursoUnreal/Groovy/JuegoMusica/Content/Efectos/Materials/M_ParticleBase.uasset" 23
"../../../../../../Users/johan/Documents/CursoUnreal/Groovy/JuegoMusica/Content/Efectos/Materials/M_Particle_Inst.uasset" 24
"../../../../../../Users/johan/Documents/CursoUnreal/Groovy/JuegoMusica/Content/Efectos/Meshes/SM_Sphere.uasset" 25
"../../../../../../Users/johan/Documents/CursoUnreal/Groovy/JuegoMusica/Content/Efectos/Effects/P_DeathEffect.uasset" 26
"../../../../../../Users/johan/Documents/CursoUnreal/Groovy/JuegoMusica/Content/Geometry/Meshes/CubeMaterial.uasset" 27
"../../../../../../Users/johan/Documents/CursoUnreal/Groovy/JuegoMusica/Content/Geometry/Meshes/1M_Cube.uasset" 28
"../../../../../../Users/johan/Documents/CursoUnreal/Groovy/JuegoMusica/Content/Geometry/Meshes/1M_Cube_Chamfer.uasset" 29
"../../../../../../Users/johan/Documents/CursoUnreal/Groovy/JuegoMusica/Content/Geometry/Meshes/TemplateFloor.uasset" 30
"../../../../../../Users/johan/Documents/CursoUnreal/Groovy/JuegoMusica/Content/Mannequin/Character/Mesh/SK_Mannequin_Skeleton.uasset" 31
"../../../../../../Users/johan/Documents/CursoUnreal/Groovy/JuegoMusica/Content/Mannequin/Animations/ThirdPersonWalk.uasset" 32
"../../../../../../Users/johan/Documents/CursoUnreal/Groovy/JuegoMusica/Content/Mannequin/Animations/ThirdPersonRun.uasset" 33
"../../../../../../Users/johan/Documents/CursoUnreal/Groovy/JuegoMusica/Content/Mannequin/Animations/ThirdPersonIdle.uasset" 34
"../../../../../../Users/johan/Documents/CursoUnreal/Groovy/JuegoMusica/Content/Mannequin/Animations/ThirdPerson_IdleRun_2D.uasset" 35
"../../../../../../Users/johan/Documents/CursoUnreal/Groovy/JuegoMusica/Content/Mannequin/Animations/ThirdPersonJump_Start.uasset" 36
"../../../../../../Users/johan/Documents/CursoUnreal/Groovy/JuegoMusica/Content/Mannequin/Animations/ThirdPersonJump_Loop.uasset" 37
"../../../../../../Users/johan/Documents/CursoUnreal/Groovy/JuegoMusica/Content/Mannequin/Animations/ThirdPersonJump_End.uasset" 38
"../../../Engine/Content/EditorBlueprintResources/StandardMacros.uasset" 39
"../../../../../../Users/johan/Documents/CursoUnreal/Groovy/JuegoMusica/Content/Mannequin/Animations/ThirdPerson_AnimBP.uasset" 40
"../../../../../../Users/johan/Documents/CursoUnreal/Groovy/JuegoMusica/Content/Mannequin/Animations/ThirdPerson_Jump.uasset" 41
"../../../../../../Users/johan/Documents/CursoUnreal/Groovy/JuegoMusica/Content/Mannequin/Character/Textures/UE4Man_Logo_N.uasset" 42
"../../../../../../Users/johan/Documents/CursoUnreal/Groovy/JuegoMusica/Content/Mannequin/Character/Textures/T_UE4_Mannequin_Mobile_N.uasset" 43
"../../../../../../Users/johan/Documents/CursoUnreal/Groovy/JuegoMusica/Content/Mannequin/Character/Textures/T_UE4_Mannequin_Mobile_M.uasset" 44
"../../../../../../Users/johan/Documents/CursoUnreal/Groovy/JuegoMusica/Content/Mannequin/Character/Materials/MaterialLayers/T_ML_Aluminum01_N.uasset" 45
"../../../../../../Users/johan/Documents/CursoUnreal/Groovy/JuegoMusica/Content/Mannequin/Character/Materials/MaterialLayers/T_ML_Aluminum01.uasset" 46
"../../../../../../Users/johan/Documents/CursoUnreal/Groovy/JuegoMusica/Content/Mannequin/Character/Materials/MaterialLayers/ML_SoftMetal_UE4.uasset" 47
"../../../../../../Users/johan/Documents/CursoUnreal/Groovy/JuegoMusica/Content/Mannequin/Character/Textures/UE4_LOGO_CARD.uasset" 48
"../../../../../../Users/johan/Documents/CursoUnreal/Groovy/JuegoMusica/Content/Mannequin/Character/Materials/MaterialLayers/ML_Plastic_Shiny_Beige_LOGO.uasset" 49
"../../../../../../Users/johan/Documents/CursoUnreal/Groovy/JuegoMusica/Content/Mannequin/Character/Materials/MaterialLayers/ML_Plastic_Shiny_Beige.uasset" 50
"../../../../../../Users/johan/Documents/CursoUnreal/Groovy/JuegoMusica/Content/Mannequin/Character/Materials/MaterialLayers/T_ML_Rubber_Blue_01_D.uasset" 51
"../../../../../../Users/johan/Documents/CursoUnreal/Groovy/JuegoMusica/Content/Mannequin/Character/Materials/MaterialLayers/T_ML_Rubber_Blue_01_N.uasset" 52
"../../../../../../Users/johan/Documents/CursoUnreal/Groovy/JuegoMusica/Content/Mannequin/Character/Materials/MaterialLayers/ML_GlossyBlack_Latex_UE4.uasset" 53
"../../../Engine/Content/Functions/MaterialLayerFunctions/MatLayerBlend_Simple.uasset" 54
"../../../Engine/Content/Functions/Engine_MaterialFunctions02/Utility/BlendAngleCorrectedNormals.uasset" 55
"../../../Engine/Content/Functions/MaterialLayerFunctions/MatLayerBlend_NormalBlend.uasset" 56
"../../../../../../Users/johan/Documents/CursoUnreal/Groovy/JuegoMusica/Content/Mannequin/Character/Materials/M_UE4Man_Body.uasset" 57
"../../../../../../Users/johan/Documents/CursoUnreal/Groovy/JuegoMusica/Content/Mannequin/Character/Materials/M_UE4Man_ChestLogo.uasset" 58
"../../../../../../Users/johan/Documents/CursoUnreal/Groovy/JuegoMusica/Content/Mannequin/Character/Mesh/SK_Mannequin.uasset" 59
"../../../../../../Users/johan/Documents/CursoUnreal/Groovy/JuegoMusica/Content/Mannequin/Character/Mesh/SK_Mannequin_PhysicsAsset.uasset" 60
"../../../../../../Users/johan/Documents/CursoUnreal/Groovy/JuegoMusica/Content/Materiales/Texturas/T_CobbleStone_Rough_N.uasset" 61
"../../../../../../Users/johan/Documents/CursoUnreal/Groovy/JuegoMusica/Content/Assets3D/Escenario/WallTexture.uasset" 62
"../../../../../../Users/johan/Documents/CursoUnreal/Groovy/JuegoMusica/Content/Materiales/Piedra.uasset" 63
"../../../../../../Users/johan/Documents/CursoUnreal/Groovy/JuegoMusica/Content/Materiales/Texturas/hihat_1Ambient_Occlusion.uasset" 64
"../../../../../../Users/johan/Documents/CursoUnreal/Groovy/JuegoMusica/Content/Materiales/Texturas/platillo_1Ambient_Occlusion.uasset" 65
"../../../../../../Users/johan/Documents/CursoUnreal/Groovy/JuegoMusica/Content/Materiales/Texturas/ride_1Ambient_Occlusion.uasset" 66
"../../../../../../Users/johan/Documents/CursoUnreal/Groovy/JuegoMusica/Content/Materiales/Texturas/vacio.uasset" 67
"../../../../../../Users/johan/Documents/CursoUnreal/Groovy/JuegoMusica/Content/Movies/TutorialAudio.uasset" 68
"../../../../../../Users/johan/Documents/CursoUnreal/Groovy/JuegoMusica/Content/Sonidos/TutorialAudio.uasset" 69
"../../../../../../Users/johan/Documents/CursoUnreal/Groovy/JuegoMusica/Content/Sonidos/Instrumento/Audios/bombo_audio.uasset" 70
"../../../../../../Users/johan/Documents/CursoUnreal/Groovy/JuegoMusica/Content/Sonidos/Instrumento/bombo_audio.uasset" 71
"../../../../../../Users/johan/Documents/CursoUnreal/Groovy/JuegoMusica/Content/Sonidos/Instrumento/Audios/caja_audio.uasset" 72
"../../../../../../Users/johan/Documents/CursoUnreal/Groovy/JuegoMusica/Content/Sonidos/Instrumento/caja_audio.uasset" 73
"../../../../../../Users/johan/Documents/CursoUnreal/Groovy/JuegoMusica/Content/Sonidos/Instrumento/Audios/crash_audio.uasset" 74
"../../../../../../Users/johan/Documents/CursoUnreal/Groovy/JuegoMusica/Content/Sonidos/Instrumento/crash_audio.uasset" 75
"../../../../../../Users/johan/Documents/CursoUnreal/Groovy/JuegoMusica/Content/Sonidos/Instrumento/Audios/hihat_audio.uasset" 76
"../../../../../../Users/johan/Documents/CursoUnreal/Groovy/JuegoMusica/Content/Sonidos/Instrumento/hihat_audio.uasset" 77
"../../../../../../Users/johan/Documents/CursoUnreal/Groovy/JuegoMusica/Content/Sonidos/Instrumento/Audios/ride_audio.uasset" 78
"../../../../../../Users/johan/Documents/CursoUnreal/Groovy/JuegoMusica/Content/Sonidos/Instrumento/ride_audio.uasset" 79
"../../../../../../Users/johan/Documents/CursoUnreal/Groovy/JuegoMusica/Content/Sonidos/Instrumento/Audios/tom_audio.uasset" 80
"../../../../../../Users/johan/Documents/CursoUnreal/Groovy/JuegoMusica/Content/Sonidos/Instrumento/tom1_audio.uasset" 81
"../../../../../../Users/johan/Documents/CursoUnreal/Groovy/JuegoMusica/Content/Sonidos/Instrumento/Audios/floortom_audio.uasset" 82
"../../../../../../Users/johan/Documents/CursoUnreal/Groovy/JuegoMusica/Content/Sonidos/Instrumento/tom2_audio.uasset" 83
"../../../../../../Users/johan/Documents/CursoUnreal/Groovy/JuegoMusica/Content/ThirdPersonCPP/Audiencia/PersonajeCheering/Cheering_Skeleton.uasset" 84
"../../../../../../Users/johan/Documents/CursoUnreal/Groovy/JuegoMusica/Content/ThirdPersonCPP/Audiencia/PersonajeCheering/AS_Cheering.uasset" 85
"../../../../../../Users/johan/Documents/CursoUnreal/Groovy/JuegoMusica/Content/ThirdPersonCPP/Audiencia/PersonajeCheering/Cheering_PhysicsAsset.uasset" 86
"../../../../../../Users/johan/Documents/CursoUnreal/Groovy/JuegoMusica/Content/ThirdPersonCPP/Audiencia/PersonajeCheering/Materiales/Ch22_1002_Normal.uasset" 87
"../../../../../../Users/johan/Documents/CursoUnreal/Groovy/JuegoMusica/Content/ThirdPersonCPP/Audiencia/PersonajeCheering/Materiales/Ch22_1002_Diffuse.uasset" 88
"../../../../../../Users/johan/Documents/CursoUnreal/Groovy/JuegoMusica/Content/ThirdPersonCPP/Audiencia/PersonajeCheering/Materiales/Ch22_hair.uasset" 89
"../../../../../../Users/johan/Documents/CursoUnreal/Groovy/JuegoMusica/Content/ThirdPersonCPP/Audiencia/PersonajeCheering/Materiales/Ch22_1001_Specular.uasset" 90
"../../../../../../Users/johan/Documents/CursoUnreal/Groovy/JuegoMusica/Content/ThirdPersonCPP/Audiencia/PersonajeCheering/Materiales/Ch22_1001_Normal.uasset" 91
"../../../../../../Users/johan/Documents/CursoUnreal/Groovy/JuegoMusica/Content/ThirdPersonCPP/Audiencia/PersonajeCheering/Materiales/Ch22_1001_Glossiness.uasset" 92
"../../../../../../Users/johan/Documents/CursoUnreal/Groovy/JuegoMusica/Content/ThirdPersonCPP/Audiencia/PersonajeCheering/Materiales/Ch22_1001_Diffuse.uasset" 93
"../../../../../../Users/johan/Documents/CursoUnreal/Groovy/JuegoMusica/Content/ThirdPersonCPP/Audiencia/PersonajeCheering/Materiales/Ch22_body.uasset" 94
"../../../../../../Users/johan/Documents/CursoUnreal/Groovy/JuegoMusica/Content/ThirdPersonCPP/Audiencia/PersonajeCheering/Cheering.uasset" 95
"../../../../../../Users/johan/Documents/CursoUnreal/Groovy/JuegoMusica/Content/ThirdPersonCPP/Audiencia/PersonajeCheering/Cheering_Anim.uasset" 96
"../../../../../../Users/johan/Documents/CursoUnreal/Groovy/JuegoMusica/Content/ThirdPersonCPP/Audiencia/PersonajeClap/Standing_Clap_Skeleton.uasset" 97
"../../../../../../Users/johan/Documents/CursoUnreal/Groovy/JuegoMusica/Content/ThirdPersonCPP/Audiencia/PersonajeClap/AS_Clap.uasset" 98
"../../../../../../Users/johan/Documents/CursoUnreal/Groovy/JuegoMusica/Content/ThirdPersonCPP/Audiencia/PersonajeClap/Standing_Clap_PhysicsAsset.uasset" 99
"../../../../../../Users/johan/Documents/CursoUnreal/Groovy/JuegoMusica/Content/ThirdPersonCPP/Audiencia/PersonajeClap/Materiales/Ch07_1002_Normal.uasset" 100
"../../../../../../Users/johan/Documents/CursoUnreal/Groovy/JuegoMusica/Content/ThirdPersonCPP/Audiencia/PersonajeClap/Materiales/Ch07_1002_Diffuse.uasset" 101
"../../../../../../Users/johan/Documents/CursoUnreal/Groovy/JuegoMusica/Content/ThirdPersonCPP/Audiencia/PersonajeClap/Materiales/Ch07_hair.uasset" 102
"../../../../../../Users/johan/Documents/CursoUnreal/Groovy/JuegoMusica/Content/ThirdPersonCPP/Audiencia/PersonajeClap/Materiales/Ch07_1001_Specular.uasset" 103
"../../../../../../Users/johan/Documents/CursoUnreal/Groovy/JuegoMusica/Content/ThirdPersonCPP/Audiencia/PersonajeClap/Materiales/Ch07_1001_Normal.uasset" 104
"../../../../../../Users/johan/Documents/CursoUnreal/Groovy/JuegoMusica/Content/ThirdPersonCPP/Audiencia/PersonajeClap/Materiales/Ch07_1001_Glossiness.uasset" 105
"../../../../../../Users/johan/Documents/CursoUnreal/Groovy/JuegoMusica/Content/ThirdPersonCPP/Audiencia/PersonajeClap/Materiales/Ch07_1001_Diffuse.uasset" 106
"../../../../../../Users/johan/Documents/CursoUnreal/Groovy/JuegoMusica/Content/ThirdPersonCPP/Audiencia/PersonajeClap/Materiales/Ch07_body.uasset" 107
"../../../../../../Users/johan/Documents/CursoUnreal/Groovy/JuegoMusica/Content/ThirdPersonCPP/Audiencia/PersonajeClap/Clap.uasset" 108
"../../../../../../Users/johan/Documents/CursoUnreal/Groovy/JuegoMusica/Content/ThirdPersonCPP/Audiencia/PersonajeClap/Standing_Clap_Anim.uasset" 109
"../../../../../../Users/johan/Documents/CursoUnreal/Groovy/JuegoMusica/Content/ThirdPersonCPP/Audiencia/PersonajeGuitarPlaying/Guitar_Playing_Skeleton.uasset" 110
"../../../../../../Users/johan/Documents/CursoUnreal/Groovy/JuegoMusica/Content/ThirdPersonCPP/Audiencia/PersonajeGuitarPlaying/AS_GuitarPlaying.uasset" 111
"../../../../../../Users/johan/Documents/CursoUnreal/Groovy/JuegoMusica/Content/ThirdPersonCPP/Audiencia/PersonajeGuitarPlaying/Guitar_Playing_PhysicsAsset.uasset" 112
"../../../../../../Users/johan/Documents/CursoUnreal/Groovy/JuegoMusica/Content/ThirdPersonCPP/Audiencia/PersonajeGuitarPlaying/Materiales/Ch31_1002_Diffuse_ncl1_1.uasset" 113
"../../../../../../Users/johan/Documents/CursoUnreal/Groovy/JuegoMusica/Content/ThirdPersonCPP/Audiencia/PersonajeGuitarPlaying/Materiales/Ch31_1002_Diffuse.uasset" 114
"../../../../../../Users/johan/Documents/CursoUnreal/Groovy/JuegoMusica/Content/ThirdPersonCPP/Audiencia/PersonajeGuitarPlaying/Materiales/Ch31_1001_Normal_ncl1_1.uasset" 115
"../../../../../../Users/johan/Documents/CursoUnreal/Groovy/JuegoMusica/Content/ThirdPersonCPP/Audiencia/PersonajeGuitarPlaying/Materiales/Ch31_hair.uasset" 116
"../../../../../../Users/johan/Documents/CursoUnreal/Groovy/JuegoMusica/Content/ThirdPersonCPP/Audiencia/PersonajeGuitarPlaying/Materiales/Ch31_1001_Specular.uasset" 117
"../../../../../../Users/johan/Documents/CursoUnreal/Groovy/JuegoMusica/Content/ThirdPersonCPP/Audiencia/PersonajeGuitarPlaying/Materiales/Ch31_1001_Normal.uasset" 118
"../../../../../../Users/johan/Documents/CursoUnreal/Groovy/JuegoMusica/Content/ThirdPersonCPP/Audiencia/PersonajeGuitarPlaying/Materiales/Ch31_1001_Glossiness.uasset" 119
"../../../../../../Users/johan/Documents/CursoUnreal/Groovy/JuegoMusica/Content/ThirdPersonCPP/Audiencia/PersonajeGuitarPlaying/Materiales/Ch31_1001_Diffuse.uasset" 120
"../../../../../../Users/johan/Documents/CursoUnreal/Groovy/JuegoMusica/Content/ThirdPersonCPP/Audiencia/PersonajeGuitarPlaying/Materiales/Ch31_body.uasset" 121
"../../../../../../Users/johan/Documents/CursoUnreal/Groovy/JuegoMusica/Content/ThirdPersonCPP/Audiencia/PersonajeGuitarPlaying/Guitar_Playing.uasset" 122
"../../../../../../Users/johan/Documents/CursoUnreal/Groovy/JuegoMusica/Content/ThirdPersonCPP/Audiencia/PersonajeGuitarPlaying/Guitar_Playing_Anim.uasset" 123
"../../../../../../Users/johan/Documents/CursoUnreal/Groovy/JuegoMusica/Content/ThirdPersonCPP/Audiencia/PersonajeJoyfull/Joyful_Jump_Skeleton.uasset" 124
"../../../../../../Users/johan/Documents/CursoUnreal/Groovy/JuegoMusica/Content/ThirdPersonCPP/Audiencia/PersonajeJoyfull/AS_Joyfull.uasset" 125
"../../../../../../Users/johan/Documents/CursoUnreal/Groovy/JuegoMusica/Content/ThirdPersonCPP/Audiencia/PersonajeJoyfull/Joyful_Jump_PhysicsAsset.uasset" 126
"../../../../../../Users/johan/Documents/CursoUnreal/Groovy/JuegoMusica/Content/ThirdPersonCPP/Audiencia/PersonajeJoyfull/Materiales/Ch42_1002_Diffuse.uasset" 127
"../../../../../../Users/johan/Documents/CursoUnreal/Groovy/JuegoMusica/Content/ThirdPersonCPP/Audiencia/PersonajeJoyfull/Materiales/Ch42_1001_Normal_ncl1_1.uasset" 128
"../../../../../../Users/johan/Documents/CursoUnreal/Groovy/JuegoMusica/Content/ThirdPersonCPP/Audiencia/PersonajeJoyfull/Materiales/Ch42_Hair.uasset" 129
"../../../../../../Users/johan/Documents/CursoUnreal/Groovy/JuegoMusica/Content/ThirdPersonCPP/Audiencia/PersonajeJoyfull/Materiales/Ch42_1001_Specular.uasset" 130
"../../../../../../Users/johan/Documents/CursoUnreal/Groovy/JuegoMusica/Content/ThirdPersonCPP/Audiencia/PersonajeJoyfull/Materiales/Ch42_1001_Normal.uasset" 131
"../../../../../../Users/johan/Documents/CursoUnreal/Groovy/JuegoMusica/Content/ThirdPersonCPP/Audiencia/PersonajeJoyfull/Materiales/Ch42_1001_Glossiness.uasset" 132
"../../../../../../Users/johan/Documents/CursoUnreal/Groovy/JuegoMusica/Content/ThirdPersonCPP/Audiencia/PersonajeJoyfull/Materiales/Ch42_1001_Diffuse.uasset" 133
"../../../../../../Users/johan/Documents/CursoUnreal/Groovy/JuegoMusica/Content/ThirdPersonCPP/Audiencia/PersonajeJoyfull/Materiales/Ch42_Body.uasset" 134
"../../../../../../Users/johan/Documents/CursoUnreal/Groovy/JuegoMusica/Content/ThirdPersonCPP/Audiencia/PersonajeJoyfull/Joyfull.uasset" 135
"../../../../../../Users/johan/Documents/CursoUnreal/Groovy/JuegoMusica/Content/ThirdPersonCPP/Audiencia/PersonajeJoyfull/Joyful_Jump_Anim.uasset" 136
"../../../../../../Users/johan/Documents/CursoUnreal/Groovy/JuegoMusica/Content/ThirdPersonCPP/Audiencia/PersonajeJump/Jump_Skeleton.uasset" 137
"../../../../../../Users/johan/Documents/CursoUnreal/Groovy/JuegoMusica/Content/ThirdPersonCPP/Audiencia/PersonajeJump/AS_Jump.uasset" 138
"../../../../../../Users/johan/Documents/CursoUnreal/Groovy/JuegoMusica/Content/ThirdPersonCPP/Audiencia/PersonajeJump/Materiales/Ch01_1001_Normal_ncl1_1.uasset" 139
"../../../../../../Users/johan/Documents/CursoUnreal/Groovy/JuegoMusica/Content/ThirdPersonCPP/Audiencia/PersonajeJump/Materiales/Ch01_1001_Diffuse_ncl1_1.uasset" 140
"../../../../../../Users/johan/Documents/CursoUnreal/Groovy/JuegoMusica/Content/ThirdPersonCPP/Audiencia/PersonajeJump/Materiales/Ch01_hair.uasset" 141
"../../../../../../Users/johan/Documents/CursoUnreal/Groovy/JuegoMusica/Content/ThirdPersonCPP/Audiencia/PersonajeJump/Materiales/Ch01_1001_Specular.uasset" 142
"../../../../../../Users/johan/Documents/CursoUnreal/Groovy/JuegoMusica/Content/ThirdPersonCPP/Audiencia/PersonajeJump/Materiales/Ch01_1001_Normal.uasset" 143
"../../../../../../Users/johan/Documents/CursoUnreal/Groovy/JuegoMusica/Content/ThirdPersonCPP/Audiencia/PersonajeJump/Materiales/Ch01_1001_Glossiness.uasset" 144
"../../../../../../Users/johan/Documents/CursoUnreal/Groovy/JuegoMusica/Content/ThirdPersonCPP/Audiencia/PersonajeJump/Materiales/Ch01_1001_Diffuse.uasset" 145
"../../../../../../Users/johan/Documents/CursoUnreal/Groovy/JuegoMusica/Content/ThirdPersonCPP/Audiencia/PersonajeJump/Materiales/Ch01_body.uasset" 146
"../../../../../../Users/johan/Documents/CursoUnreal/Groovy/JuegoMusica/Content/ThirdPersonCPP/Audiencia/PersonajeJump/Jump_PhysicsAsset.uasset" 147
"../../../../../../Users/johan/Documents/CursoUnreal/Groovy/JuegoMusica/Content/ThirdPersonCPP/Audiencia/PersonajeJump/Jump.uasset" 148
"../../../../../../Users/johan/Documents/CursoUnreal/Groovy/JuegoMusica/Content/ThirdPersonCPP/Audiencia/PersonajeJump/Jump_Anim.uasset" 149
"../../../../../../Users/johan/Documents/CursoUnreal/Groovy/JuegoMusica/Content/ThirdPersonCPP/Audiencia/PersonajePlayingViolin/Playing_The_Violin_Skeleton.uasset" 150
"../../../../../../Users/johan/Documents/CursoUnreal/Groovy/JuegoMusica/Content/ThirdPersonCPP/Audiencia/PersonajePlayingViolin/AS_PlayingViolin.uasset" 151
"../../../../../../Users/johan/Documents/CursoUnreal/Groovy/JuegoMusica/Content/ThirdPersonCPP/Audiencia/PersonajePlayingViolin/Playing_The_Violin_PhysicsAsset.uasset" 152
"../../../../../../Users/johan/Documents/CursoUnreal/Groovy/JuegoMusica/Content/ThirdPersonCPP/Audiencia/PersonajePlayingViolin/Materiales/Ch21_1002_Normal.uasset" 153
"../../../../../../Users/johan/Documents/CursoUnreal/Groovy/JuegoMusica/Content/ThirdPersonCPP/Audiencia/PersonajePlayingViolin/Materiales/Ch21_1002_Diffuse.uasset" 154
"../../../../../../Users/johan/Documents/CursoUnreal/Groovy/JuegoMusica/Content/ThirdPersonCPP/Audiencia/PersonajePlayingViolin/Materiales/Ch21_hair.uasset" 155
"../../../../../../Users/johan/Documents/CursoUnreal/Groovy/JuegoMusica/Content/ThirdPersonCPP/Audiencia/PersonajePlayingViolin/Materiales/Ch21_1001_Specular.uasset" 156
"../../../../../../Users/johan/Documents/CursoUnreal/Groovy/JuegoMusica/Content/ThirdPersonCPP/Audiencia/PersonajePlayingViolin/Materiales/Ch21_1001_Normal.uasset" 157
"../../../../../../Users/johan/Documents/CursoUnreal/Groovy/JuegoMusica/Content/ThirdPersonCPP/Audiencia/PersonajePlayingViolin/Materiales/Ch21_1001_Glossiness.uasset" 158
"../../../../../../Users/johan/Documents/CursoUnreal/Groovy/JuegoMusica/Content/ThirdPersonCPP/Audiencia/PersonajePlayingViolin/Materiales/Ch21_1001_Diffuse.uasset" 159
"../../../../../../Users/johan/Documents/CursoUnreal/Groovy/JuegoMusica/Content/ThirdPersonCPP/Audiencia/PersonajePlayingViolin/Materiales/Ch21_body.uasset" 160
"../../../../../../Users/johan/Documents/CursoUnreal/Groovy/JuegoMusica/Content/ThirdPersonCPP/Audiencia/PersonajePlayingViolin/PlayingViolin.uasset" 161
"../../../../../../Users/johan/Documents/CursoUnreal/Groovy/JuegoMusica/Content/ThirdPersonCPP/Audiencia/PersonajePlayingViolin/Playing_The_Violin_Anim.uasset" 162
"../../../../../../Users/johan/Documents/CursoUnreal/Groovy/JuegoMusica/Content/ThirdPersonCPP/Audiencia/PersonajeShuffling/Shuffling_Skeleton.uasset" 163
"../../../../../../Users/johan/Documents/CursoUnreal/Groovy/JuegoMusica/Content/ThirdPersonCPP/Audiencia/PersonajeShuffling/AS_Shuffling.uasset" 164
"../../../../../../Users/johan/Documents/CursoUnreal/Groovy/JuegoMusica/Content/ThirdPersonCPP/Audiencia/PersonajeShuffling/Shuffling_PhysicsAsset.uasset" 165
"../../../../../../Users/johan/Documents/CursoUnreal/Groovy/JuegoMusica/Content/ThirdPersonCPP/Audiencia/PersonajeShuffling/Materiales/Ch31_1002_Diffuse_ncl1_1.uasset" 166
"../../../../../../Users/johan/Documents/CursoUnreal/Groovy/JuegoMusica/Content/ThirdPersonCPP/Audiencia/PersonajeShuffling/Materiales/Ch31_1002_Diffuse.uasset" 167
"../../../../../../Users/johan/Documents/CursoUnreal/Groovy/JuegoMusica/Content/ThirdPersonCPP/Audiencia/PersonajeShuffling/Materiales/Ch31_1001_Normal_ncl1_1.uasset" 168
"../../../../../../Users/johan/Documents/CursoUnreal/Groovy/JuegoMusica/Content/ThirdPersonCPP/Audiencia/PersonajeShuffling/Materiales/Ch31_hair.uasset" 169
"../../../../../../Users/johan/Documents/CursoUnreal/Groovy/JuegoMusica/Content/ThirdPersonCPP/Audiencia/PersonajeShuffling/Materiales/Ch31_1001_Specular.uasset" 170
"../../../../../../Users/johan/Documents/CursoUnreal/Groovy/JuegoMusica/Content/ThirdPersonCPP/Audiencia/PersonajeShuffling/Materiales/Ch31_1001_Normal.uasset" 171
"../../../../../../Users/johan/Documents/CursoUnreal/Groovy/JuegoMusica/Content/ThirdPersonCPP/Audiencia/PersonajeShuffling/Materiales/Ch31_1001_Glossiness.uasset" 172
"../../../../../../Users/johan/Documents/CursoUnreal/Groovy/JuegoMusica/Content/ThirdPersonCPP/Audiencia/PersonajeShuffling/Materiales/Ch31_1001_Diffuse.uasset" 173
"../../../../../../Users/johan/Documents/CursoUnreal/Groovy/JuegoMusica/Content/ThirdPersonCPP/Audiencia/PersonajeShuffling/Materiales/Ch31_body.uasset" 174
"../../../../../../Users/johan/Documents/CursoUnreal/Groovy/JuegoMusica/Content/ThirdPersonCPP/Audiencia/PersonajeShuffling/Shuffling.uasset" 175
"../../../../../../Users/johan/Documents/CursoUnreal/Groovy/JuegoMusica/Content/ThirdPersonCPP/Audiencia/PersonajeShuffling/Shuffling_Anim.uasset" 176
"../../../../../../Users/johan/Documents/CursoUnreal/Groovy/JuegoMusica/Content/ThirdPersonCPP/Audiencia/PersonajeVictory/Victory_Skeleton.uasset" 177
"../../../../../../Users/johan/Documents/CursoUnreal/Groovy/JuegoMusica/Content/ThirdPersonCPP/Audiencia/PersonajeVictory/AS_Victory.uasset" 178
"../../../../../../Users/johan/Documents/CursoUnreal/Groovy/JuegoMusica/Content/ThirdPersonCPP/Audiencia/PersonajeVictory/Victory_PhysicsAsset.uasset" 179
"../../../../../../Users/johan/Documents/CursoUnreal/Groovy/JuegoMusica/Content/ThirdPersonCPP/Audiencia/PersonajeVictory/Materiales/Boy01_FacialAnimMap.uasset" 180
"../../../../../../Users/johan/Documents/CursoUnreal/Groovy/JuegoMusica/Content/ThirdPersonCPP/Audiencia/PersonajeVictory/Materiales/Boy01_Mouth_MAT1.uasset" 181
"../../../../../../Users/johan/Documents/CursoUnreal/Groovy/JuegoMusica/Content/ThirdPersonCPP/Audiencia/PersonajeVictory/Materiales/Boy01_FacialAnimMap_ncl1_1.uasset" 182
"../../../../../../Users/johan/Documents/CursoUnreal/Groovy/JuegoMusica/Content/ThirdPersonCPP/Audiencia/PersonajeVictory/Materiales/Boy01_Eyes_MAT1.uasset" 183
"../../../../../../Users/johan/Documents/CursoUnreal/Groovy/JuegoMusica/Content/ThirdPersonCPP/Audiencia/PersonajeVictory/Materiales/Boy01_FacialAnimMap_ncl1_2.uasset" 184
"../../../../../../Users/johan/Documents/CursoUnreal/Groovy/JuegoMusica/Content/ThirdPersonCPP/Audiencia/PersonajeVictory/Materiales/Boy01_Brows_MAT1.uasset" 185
"../../../../../../Users/johan/Documents/CursoUnreal/Groovy/JuegoMusica/Content/ThirdPersonCPP/Audiencia/PersonajeVictory/Materiales/Boy01_spec.uasset" 186
"../../../../../../Users/johan/Documents/CursoUnreal/Groovy/JuegoMusica/Content/ThirdPersonCPP/Audiencia/PersonajeVictory/Materiales/Boy01_normal.uasset" 187
"../../../../../../Users/johan/Documents/CursoUnreal/Groovy/JuegoMusica/Content/ThirdPersonCPP/Audiencia/PersonajeVictory/Materiales/Boy01_diffuse.uasset" 188
"../../../../../../Users/johan/Documents/CursoUnreal/Groovy/JuegoMusica/Content/ThirdPersonCPP/Audiencia/PersonajeVictory/Materiales/Boy01_Body_MAT.uasset" 189
"../../../../../../Users/johan/Documents/CursoUnreal/Groovy/JuegoMusica/Content/ThirdPersonCPP/Audiencia/PersonajeVictory/Victory.uasset" 190
"../../../../../../Users/johan/Documents/CursoUnreal/Groovy/JuegoMusica/Content/ThirdPersonCPP/Audiencia/PersonajeVictory/Victory_Anim.uasset" 191
"../../../../../../Users/johan/Documents/CursoUnreal/Groovy/JuegoMusica/Content/ThirdPersonCPP/Blueprints/BP_JuegoMusicaGameMode.uasset" 192
"../../../../../../Users/johan/Documents/CursoUnreal/Groovy/JuegoMusica/Content/Botones/BotonEstoyListo/estoylistopass.uasset" 193
"../../../../../../Users/johan/Documents/CursoUnreal/Groovy/JuegoMusica/Content/Botones/BotonEstoyListo/estoylistoclick.uasset" 194
"../../../../../../Users/johan/Documents/CursoUnreal/Groovy/JuegoMusica/Content/Botones/BotonEstoyListo/estoylisto.uasset" 195
"../../../../../../Users/johan/Documents/CursoUnreal/Groovy/JuegoMusica/Content/Movies/EntrenamientoAdicional/MP_EntrenamientoAdicional.uasset" 196
"../../../../../../Users/johan/Documents/CursoUnreal/Groovy/JuegoMusica/Content/Movies/EntrenamientoAdicional/MP_EntrenamientoAdicional_Video.uasset" 197
"../../../../../../Users/johan/Documents/CursoUnreal/Groovy/JuegoMusica/Content/Movies/EntrenamientoAdicional/ENtrenamientoAdicional.uasset" 198
"../../../../../../Users/johan/Documents/CursoUnreal/Groovy/JuegoMusica/Content/Widgets/EntrenamientoAdicional.uasset" 199
"../../../Engine/Content/EngineMaterials/T_Default_Material_Grid_N.uasset" 200
"../../../Engine/Content/EngineMaterials/T_Default_Material_Grid_M.uasset" 201
"../../../Engine/Content/Functions/Engine_MaterialFunctions01/Opacity/CameraDepthFade.uasset" 202
"../../../Engine/Content/EngineMaterials/WorldGridMaterial.uasset" 203
"../../../Engine/Content/ArtTools/RenderToTexture/Meshes/S_1_Unit_Plane.uasset" 204
"../../../Engine/Content/EngineMaterials/DefaultMaterial.uasset" 205
"../../../Engine/Content/BasicShapes/Cone.uasset" 206
"../../../Engine/Content/BasicShapes/Cube.uasset" 207
"../../../Engine/Content/BasicShapes/Sphere.uasset" 208
"../../../Engine/Content/EditorLandscapeResources/DataLayer.uasset" 209
"../../../Engine/Content/EditorLandscapeResources/DefaultAlphaTexture.uasset" 210
"../../../Engine/Content/EditorMaterials/MAT_Groups_Toggle.uasset" 211
"../../../Engine/Content/EditorMaterials/MAT_Groups_Visibility.uasset" 212
"../../../Engine/Content/EditorMaterials/PreviewShadowIndicator.uasset" 213
"../../../Engine/Content/EditorMaterials/PreviewShadowIndicatorMaterial.uasset" 214
"../../../Engine/Content/EditorMaterials/MatineeGroups/MAT_ColorTrack.uasset" 215
"../../../Engine/Content/EditorMaterials/MatineeGroups/MAT_Groups_Anim.uasset" 216
"../../../Engine/Content/EditorMaterials/MatineeGroups/MAT_Groups_AudioMaster.uasset" 217
"../../../Engine/Content/EditorMaterials/MatineeGroups/MAT_Groups_Director.uasset" 218
"../../../Engine/Content/EditorMaterials/MatineeGroups/MAT_Groups_Event.uasset" 219
"../../../Engine/Content/EditorMaterials/MatineeGroups/MAT_Groups_Fade.uasset" 220
"../../../Engine/Content/EditorMaterials/MatineeGroups/MAT_Groups_Float.uasset" 221
"../../../Engine/Content/EditorMaterials/MatineeGroups/MAT_Groups_Move.uasset" 222
"../../../Engine/Content/EditorMaterials/MatineeGroups/MAT_Groups_Slomo.uasset" 223
"../../../Engine/Content/EditorMaterials/MatineeGroups/MAT_Groups_Sound.uasset" 224
"../../../Engine/Content/EditorMaterials/MatineeGroups/MAT_Groups_Vector.uasset" 225
"../../../Engine/Content/EditorMaterials/ParticleSystems/PSysThumbnail_NoImage.uasset" 226
"../../../Engine/Content/EditorMaterials/ParticleSystems/PSysThumbnail_OOD.uasset" 227
"../../../Engine/Content/EditorMaterials/Camera/CineMat.uasset" 228
"../../../Engine/Content/EditorMaterials/Camera/MI_CineMat_Rig.uasset" 229
"../../../Engine/Content/EditorMeshes/Camera/SM_CraneRig_Arm.uasset" 230
"../../../Engine/Content/EditorMeshes/Camera/SM_CraneRig_Base.uasset" 231
"../../../Engine/Content/EditorMeshes/Camera/SM_CraneRig_Body.uasset" 232
"../../../Engine/Content/EditorMeshes/Camera/SM_CraneRig_Mount.uasset" 233
"../../../Engine/Content/EditorMeshes/Camera/SM_RailRig_Mount.uasset" 234
"../../../Engine/Content/EditorMeshes/Camera/SM_RailRig_Track.uasset" 235
"../../../Engine/Content/EditorResources/BSPVertex.uasset" 236
"../../../Engine/Content/EditorResources/EmptyActor.uasset" 237
"../../../Engine/Content/EditorResources/S_Actor.uasset" 238
"../../../Engine/Content/EditorResources/S_Note.uasset" 239
"../../../Engine/Content/EditorResources/S_Solver.uasset" 240
"../../../Engine/Content/EditorResources/S_Terrain.uasset" 241
"../../../Engine/Content/EditorResources/S_Trigger.uasset" 242
"../../../Engine/Content/EditorResources/LightIcons/S_LightError.uasset" 243
"../../../Engine/Content/EditorResources/SequenceRecorder/Countdown.uasset" 244
"../../../Engine/Content/EditorResources/SequenceRecorder/RecordingIndicator.uasset" 245
"../../../Engine/Content/EngineDamageTypes/DmgTypeBP_Environmental.uasset" 246
"../../../Engine/Content/EngineDebugMaterials/DebugEditorMaterial.uasset" 247
"../../../Engine/Content/EngineDebugMaterials/DebugMeshMaterial.uasset" 248
"../../../Engine/Content/EngineDebugMaterials/M_SimpleUnlitTranslucent.uasset" 249
"../../../Engine/Content/EngineDebugMaterials/VolumeToRender.uasset" 250
"../../../Engine/Content/Functions/Engine_MaterialFunctions02/Utility/CameraDirectionVector.uasset" 251
"../../../Engine/Content/EngineDebugMaterials/M_VolumeRenderSphereTracePP.uasset" 252
"../../../Engine/Content/Functions/Engine_MaterialFunctions01/Shading/ConvertFromDiffSpec.uasset" 253
"../../../Engine/Content/EngineDebugMaterials/VertexColorMaterial.uasset" 254
"../../../Engine/Content/EngineDebugMaterials/WireframeMaterial.uasset" 255
"../../../Engine/Content/EngineFonts/Faces/RobotoRegular.uasset" 256
"../../../Engine/Content/EngineFonts/Faces/RobotoLight.uasset" 257
"../../../Engine/Content/EngineFonts/Faces/RobotoItalic.uasset" 258
"../../../Engine/Content/EngineFonts/Faces/RobotoBoldItalic.uasset" 259
"../../../Engine/Content/EngineFonts/Faces/RobotoBold.uasset" 260
"../../../Engine/Content/EngineFonts/Faces/DroidSansFallback.uasset" 261
"../../../Engine/Content/EngineFonts/Roboto.uasset" 262
"../../../Engine/Content/EngineMaterials/BaseFlattenNormalMap.uasset" 263
"../../../Engine/Content/EngineMaterials/BaseFlattenGrayscaleMap.uasset" 264
"../../../Engine/Content/EngineMaterials/BaseFlattenEmissiveMap.uasset" 265
"../../../Engine/Content/EngineMaterials/BaseFlattenDiffuseMap.uasset" 266
"../../../Engine/Content/EngineMaterials/BaseFlattenMaterial.uasset" 267
"../../../Engine/Content/EngineMaterials/BlueNoise.uasset" 268
"../../../Engine/Content/EngineMaterials/DefaultBloomKernel.uasset" 269
"../../../Engine/Content/EngineMaterials/DefaultBokeh.uasset" 270
"../../../Engine/Content/EngineMaterials/DefaultDiffuse.uasset" 271
"../../../Engine/Content/EngineMaterials/DefaultDeferredDecalMaterial.uasset" 272
"../../../Engine/Content/EngineMaterials/DefaultLightFunctionMaterial.uasset" 273
"../../../Engine/Content/EngineMaterials/DefaultPhysicalMaterial.uasset" 274
"../../../Engine/Content/Functions/Engine_MaterialFunctions02/Utility/BreakOutFloat2Components.uasset" 275
"../../../Engine/Content/EngineMaterials/DefaultPostProcessMaterial.uasset" 276
"../../../Engine/Content/EngineFonts/RobotoDistanceField.uasset" 277
"../../../Engine/Content/EngineMaterials/DefaultTextMaterialOpaque.uasset" 278
"../../../Engine/Content/EngineMaterials/DefaultWhiteGrid.uasset" 279
"../../../Engine/Content/EngineMaterials/DefaultWhiteGrid_Low.uasset" 280
"../../../Engine/Content/EngineMaterials/EmissiveMeshMaterial.uasset" 281
"../../../Engine/Content/EngineMaterials/GizmoMaterial.uasset" 282
"../../../Engine/Content/EngineMaterials/Good64x64TilingNoiseHighFreq.uasset" 283
"../../../Engine/Content/EngineMaterials/MiniFont.uasset" 284
"../../../Engine/Content/EngineMaterials/InvalidLightmapSettings.uasset" 285
"../../../Engine/Content/EngineMaterials/M_InvalidLightmapSettings.uasset" 286
"../../../Engine/Content/Functions/Engine_MaterialFunctions02/WorldPositionOffset/CameraOffset.uasset" 287
"../../../Engine/Content/EngineMaterials/PhAT_JointLimitMaterial.uasset" 288
"../../../Engine/Content/EngineMaterials/PreintegratedSkinBRDF.uasset" 289
"../../../Engine/Content/EngineMaterials/RemoveSurfaceMaterial.uasset" 290
"../../../Engine/Content/EngineMaterials/WeightMapPlaceholderTexture.uasset" 291
"../../../Engine/Content/EngineResources/WhiteSquareTexture.uasset" 292
"../../../Engine/Content/EngineMaterials/Widget3DPassThrough.uasset" 293
"../../../Engine/Content/EngineMaterials/Widget3DPassThrough_Masked.uasset" 294
"../../../Engine/Content/EngineMaterials/Widget3DPassThrough_Opaque.uasset" 295
"../../../Engine/Content/EngineMaterials/Widget3DPassThrough_Masked_OneSided.uasset" 296
"../../../Engine/Content/EngineMaterials/Widget3DPassThrough_Opaque_OneSided.uasset" 297
"../../../Engine/Content/EngineMaterials/Widget3DPassThrough_Translucent.uasset" 298
"../../../Engine/Content/EngineMaterials/Widget3DPassThrough_Translucent_OneSided.uasset" 299
"../../../Engine/Content/EngineMeshes/Cylinder.uasset" 300
"../../../Engine/Content/EngineMeshes/Sphere.uasset" 301
"../../../Engine/Content/EngineResources/Black.uasset" 302
"../../../Engine/Content/EngineResources/DefaultTextureCube.uasset" 303
"../../../Engine/Content/EngineResources/DefaultVolumeTexture2D.uasset" 304
"../../../Engine/Content/EngineResources/DefaultVolumeTexture.uasset" 305
"../../../Engine/Content/EngineResources/GradientTexture0.uasset" 306
"../../../Engine/Content/EngineSky/VolumetricClouds/T_NoiseShape64.uasset" 307
"../../../Engine/Content/EngineSky/VolumetricClouds/T_VolumeNoiseShape64.uasset" 308
"../../../Engine/Content/EngineSky/VolumetricClouds/T_NoiseErosion.uasset" 309
"../../../Engine/Content/EngineSky/VolumetricClouds/T_VolumeNoiseErosion32.uasset" 310
"../../../Engine/Content/EngineSky/VolumetricClouds/CloudWeatherTexture.uasset" 311
"../../../Engine/Content/EngineSky/VolumetricClouds/CloudGradientTexture.uasset" 312
"../../../Engine/Content/Functions/Engine_MaterialFunctions02/Utility/MakeFloat2.uasset" 313
"../../../Engine/Content/EngineSky/VolumetricClouds/m_SimpleVolumetricCloud.uasset" 314
"../../../Engine/Content/EngineSky/VolumetricClouds/m_SimpleVolumetricCloud_Inst.uasset" 315
"../../../Engine/Content/EngineSounds/Master.uasset" 316
"../../../Engine/Content/Functions/Engine_MaterialFunctions01/Shading/PowerToRoughness.uasset" 317
"../../../Engine/Content/Maps/Templates/Thumbnails/Default.uasset" 318
"../../../Engine/Content/Maps/Templates/Thumbnails/TimeOfDay.uasset" 319
"../../../Engine/Content/Maps/Templates/Thumbnails/VR-Basic.uasset" 320
"../../../Engine/Content/MobileResources/T_MobileControls_texture.uasset" 321
"../../../Engine/Content/MobileResources/T_MobileMenu2.uasset" 322
"../../../Engine/Content/MobileResources/HUD/AnalogHat.uasset" 323
"../../../Engine/Content/MobileResources/HUD/VirtualJoystick_Thumb.uasset" 324
"../../../Engine/Content/MobileResources/HUD/VirtualJoystick_Background.uasset" 325
"../../../Engine/Content/MobileResources/HUD/DefaultVirtualJoysticks.uasset" 326
"../../../Engine/Content/MobileResources/HUD/LeftVirtualJoystickOnly.uasset" 327
"../../../Engine/Content/MobileResources/HUD/MobileHUDButton1_off.uasset" 328
"../../../Engine/Content/MobileResources/HUD/MobileHUDButton1_on.uasset" 329
"../../../Engine/Content/MobileResources/HUD/MobileHUDButton2_off.uasset" 330
"../../../Engine/Content/MobileResources/HUD/MobileHUDButton2_on.uasset" 331
"../../../Engine/Content/MobileResources/HUD/MobileHUDButton3.uasset" 332
"../../../Engine/Content/MobileResources/HUD/MobileHUDButtonFire.uasset" 333
"../../../Engine/Content/MobileResources/HUD/MobileHUDDirectionPad.uasset" 334
"../../../Engine/Content/MobileResources/HUD/MobileHUDDirectionPad2.uasset" 335
"../../../Engine/Content/MobileResources/HUD/MobileHUDDirectionPad3.uasset" 336
"../../../Engine/Content/MobileResources/HUD/MobileHUDDirectionStick.uasset" 337
"../../../Engine/Content/MobileResources/HUD/T_Castle_ThumbstickInner.uasset" 338
"../../../Engine/Content/MobileResources/HUD/T_Castle_ThumbstickOutter.uasset" 339
"../../../Engine/Content/Tutorial/ContentIntroCurve.uasset" 340
"../../../Engine/Content/Tutorial/Basics/LevelEditorAttract.uasset" 341
"../../../Engine/Content/Tutorial/BlueprintTutorials/TutorialAssets/Blueprint_64x.uasset" 342
"../../../Engine/Content/Tutorial/BlueprintTutorials/BlueprintEditorTutorial.uasset" 343
"../../../Engine/Content/VREditor/TransformGizmo/TranslucentTransformGizmoMaterial.uasset" 344
"../../../Engine/Content/VREditor/LaserPointer/VR_LaserPower_01.uasset" 345
"../../../Engine/Content/VREditor/TransformGizmo/TransformGizmoMaterial.uasset" 346
"../../../Engine/Content/VREditor/TransformGizmo/BoundingBoxCorner.uasset" 347
"../../../Engine/Content/VREditor/TransformGizmo/BoundingBoxEdge.uasset" 348
"../../../Engine/Content/VREditor/TransformGizmo/PlaneTranslationHandle.uasset" 349
"../../../Engine/Content/VREditor/TransformGizmo/Xray.uasset" 350
"../../../Engine/Content/VREditor/TransformGizmo/Main.uasset" 351
"../../../Engine/Content/VREditor/TransformGizmo/SM_Sequencer_Key.uasset" 352
"../../../Engine/Content/VREditor/TransformGizmo/SM_Sequencer_Node.uasset" 353
"../../Plugins/2D/Paper2D/Content/PlaceholderTextures/DummySpriteTexture.uasset" 354
"../../Plugins/2D/Paper2D/Content/DummySprite.uasset" 355
"../../Plugins/2D/Paper2D/Content/DefaultPaperTerrainMaterial.uasset" 356
"../../Plugins/2D/Paper2D/Content/DefaultSpriteMaterial.uasset" 357
"../../Plugins/2D/Paper2D/Content/MaskedUnlitSpriteMaterial.uasset" 358
"../../Plugins/2D/Paper2D/Content/OpaqueUnlitSpriteMaterial.uasset" 359
"../../../Engine/Content/Functions/Engine_MaterialFunctions02/Utility/BreakOutFloat3Components.uasset" 360
"../../Plugins/Editor/SpeedTreeImporter/Content/SpeedTree9/UnpackInteger3.uasset" 361
"../../Plugins/Editor/SpeedTreeImporter/Content/SpeedTree9/UnpackDirection.uasset" 362
"../../Plugins/Editor/SpeedTreeImporter/Content/SpeedTree9/game_wind_noise.uasset" 363
"../../../Engine/Content/Functions/Engine_MaterialFunctions02/SafeNormalize.uasset" 364
"../../Plugins/Editor/SpeedTreeImporter/Content/SpeedTree9/SpeedTreeWindMotion.uasset" 365
"../../Plugins/Editor/SpeedTreeImporter/Content/SpeedTree9/SpeedTreeBranchMotion.uasset" 366
"../../../Engine/Content/Functions/Engine_MaterialFunctions02/ObjectLocalBounds.uasset" 367
"../../../Engine/Content/Functions/Engine_MaterialFunctions02/UVs/BoundingBoxBased_0-1_UVW.uasset" 368
"../../Plugins/Editor/SpeedTreeImporter/Content/SpeedTree9/SpeedTreeWind.uasset" 369
"../../Plugins/Editor/SpeedTreeImporter/Content/SpeedTree9/SpeedTreeBillboard.uasset" 370
"../../../Engine/Content/EngineResources/DefaultTexture.uasset" 371
"../../Plugins/Editor/SpeedTreeImporter/Content/SpeedTree9/SpeedTreeBillboardMaster.uasset" 372
"../../Plugins/Editor/SpeedTreeImporter/Content/SpeedTree9/SpeedTreeCameraFacing.uasset" 373
"../../Plugins/Editor/SpeedTreeImporter/Content/SpeedTree9/SpeedTreeMaster.uasset" 374
"../../../Engine/Content/BasicShapes/Cylinder.uasset" 375
"../../../Engine/Content/ArtTools/RenderToTexture/Materials/Debug/M_Emissive_Color.uasset" 376
"../../Plugins/Lumin/MagicLeapPassableWorld/Content/MagicLeapARPinInfoActor.uasset" 377
"../../../Engine/Content/Functions/Engine_MaterialFunctions02/Utility/BreakOutFloat4Components.uasset" 378
"../../../Engine/Content/Functions/Engine_MaterialFunctions02/Utility/MakeFloat3.uasset" 379
"../../Plugins/Runtime/Oculus/OculusVR/Content/Materials/OculusMR_ChromaKey.uasset" 380
"../../Plugins/Runtime/Oculus/OculusVR/Content/Materials/OculusMR_OpaqueColoredMaterial.uasset" 381
"../../Plugins/Runtime/Oculus/OculusVR/Content/Materials/PokeAHoleMaterial.uasset" 382
"../../../../../../Users/johan/Documents/CursoUnreal/Groovy/JuegoMusica/Content/Sonidos/Ritmos/Intermedio/RitmoIntermedio4.uasset" 383
"../../../../../../Users/johan/Documents/CursoUnreal/Groovy/JuegoMusica/Content/Sonidos/Ritmos/Intermedio/RitmoIntermedio3.uasset" 384
"../../../../../../Users/johan/Documents/CursoUnreal/Groovy/JuegoMusica/Content/Sonidos/Ritmos/Intermedio/RitmoIntermedio2.uasset" 385
"../../../../../../Users/johan/Documents/CursoUnreal/Groovy/JuegoMusica/Content/Sonidos/Ritmos/Intermedio/RitmoIntermedio1.uasset" 386
"../../../../../../Users/johan/Documents/CursoUnreal/Groovy/JuegoMusica/Content/Sonidos/Ritmos/Facil/RitmoFacil4.uasset" 387
"../../../../../../Users/johan/Documents/CursoUnreal/Groovy/JuegoMusica/Content/Sonidos/Ritmos/Facil/RitmoFacil3.uasset" 388
"../../../../../../Users/johan/Documents/CursoUnreal/Groovy/JuegoMusica/Content/Sonidos/Ritmos/Facil/RitmoFacil2.uasset" 389
"../../../../../../Users/johan/Documents/CursoUnreal/Groovy/JuegoMusica/Content/Sonidos/Ritmos/Facil/RitmoFacil1.uasset" 390
"../../../../../../Users/johan/Documents/CursoUnreal/Groovy/JuegoMusica/Content/Sonidos/Ritmos/Dificil/RitmoDificil4.uasset" 391
"../../../../../../Users/johan/Documents/CursoUnreal/Groovy/JuegoMusica/Content/Sonidos/Ritmos/Dificil/RitmoDificil3.uasset" 392
"../../../../../../Users/johan/Documents/CursoUnreal/Groovy/JuegoMusica/Content/Sonidos/Ritmos/Dificil/RitmoDificil2.uasset" 393
"../../../../../../Users/johan/Documents/CursoUnreal/Groovy/JuegoMusica/Content/Sonidos/Ritmos/Dificil/RitmoDificil1.uasset" 394
"../../../../../../Users/johan/Documents/CursoUnreal/Groovy/JuegoMusica/Content/ThirdPersonCPP/Blueprints/VariablesGI.uasset" 395
"../../../../../../Users/johan/Documents/CursoUnreal/Groovy/JuegoMusica/Content/Botones/BotonRegresar/Regresar_pass-01.uasset" 396
"../../../../../../Users/johan/Documents/CursoUnreal/Groovy/JuegoMusica/Content/Botones/BotonRegresar/Regresar_click-01.uasset" 397
"../../../../../../Users/johan/Documents/CursoUnreal/Groovy/JuegoMusica/Content/Botones/BotonRegresar/Regresar-01.uasset" 398
"../../../../../../Users/johan/Documents/CursoUnreal/Groovy/JuegoMusica/Content/Sonidos/Fondos/CancionIntro.uasset" 399
"../../../../../../Users/johan/Documents/CursoUnreal/Groovy/JuegoMusica/Content/Sonidos/Fondos/SC_Intro.uasset" 400
"../../../../../../Users/johan/Documents/CursoUnreal/Groovy/JuegoMusica/Content/Sonidos/TutorialAudio1.uasset" 401
"../../../../../../Users/johan/Documents/CursoUnreal/Groovy/JuegoMusica/Content/Sonidos/SC_Tutorial.uasset" 402
"../../../../../../Users/johan/Documents/CursoUnreal/Groovy/JuegoMusica/Content/Movies/Tutorial/tutorial.uasset" 403
"../../../../../../Users/johan/Documents/CursoUnreal/Groovy/JuegoMusica/Content/Movies/Tutorial/MP_Tutorial.uasset" 404
"../../../../../../Users/johan/Documents/CursoUnreal/Groovy/JuegoMusica/Content/Movies/Tutorial/MT_Tutorial.uasset" 405
"../../../../../../Users/johan/Documents/CursoUnreal/Groovy/JuegoMusica/Content/Widgets/Tutorial.uasset" 406
"../../../Engine/Content/EngineFonts/Faces/DroidSansMono.uasset" 407
"../../../Engine/Content/EngineFonts/DroidSansMono.uasset" 408
"../../../../../../Users/johan/Documents/CursoUnreal/Groovy/JuegoMusica/Content/Botones/BotonEmpecemos/EmpecemosPass.uasset" 409
"../../../../../../Users/johan/Documents/CursoUnreal/Groovy/JuegoMusica/Content/Botones/BotonEmpecemos/EmpecemosClick.uasset" 410
"../../../../../../Users/johan/Documents/CursoUnreal/Groovy/JuegoMusica/Content/Botones/BotonEmpecemos/Empecemos.uasset" 411
"../../../../../../Users/johan/Documents/CursoUnreal/Groovy/JuegoMusica/Content/Botones/comicbd.uasset" 412
"../../../../../../Users/johan/Documents/CursoUnreal/Groovy/JuegoMusica/Content/Botones/ComicSans.uasset" 413
"../../../../../../Users/johan/Documents/CursoUnreal/Groovy/JuegoMusica/Content/Movies/EscogerRitmo/MP_EscogerRitmo.uasset" 414
"../../../../../../Users/johan/Documents/CursoUnreal/Groovy/JuegoMusica/Content/Movies/EscogerRitmo/MP_EscogerRitmo_Video.uasset" 415
"../../../../../../Users/johan/Documents/CursoUnreal/Groovy/JuegoMusica/Content/Movies/EscogerRitmo/EscogerRitmo.uasset" 416
"../../../../../../Users/johan/Documents/CursoUnreal/Groovy/JuegoMusica/Content/Materiales/flecha1_Mesa_de_trabajo_1.uasset" 417
"../../../../../../Users/johan/Documents/CursoUnreal/Groovy/JuegoMusica/Content/Widgets/Texto.uasset" 418
"../../../../../../Users/johan/Documents/CursoUnreal/Groovy/JuegoMusica/Content/Widgets/Instrumento.uasset" 419
"../../../../../../Users/johan/Documents/CursoUnreal/Groovy/JuegoMusica/Content/Materiales/Texturas/Tom2.uasset" 420
"../../../../../../Users/johan/Documents/CursoUnreal/Groovy/JuegoMusica/Content/Materiales/Texturas/Tom1.uasset" 421
"../../../../../../Users/johan/Documents/CursoUnreal/Groovy/JuegoMusica/Content/Materiales/Texturas/Ride1.uasset" 422
"../../../../../../Users/johan/Documents/CursoUnreal/Groovy/JuegoMusica/Content/Materiales/Texturas/Hihat1.uasset" 423
"../../../../../../Users/johan/Documents/CursoUnreal/Groovy/JuegoMusica/Content/Materiales/Texturas/Crash1.uasset" 424
"../../../../../../Users/johan/Documents/CursoUnreal/Groovy/JuegoMusica/Content/Materiales/Texturas/Caja.uasset" 425
"../../../../../../Users/johan/Documents/CursoUnreal/Groovy/JuegoMusica/Content/Materiales/Texturas/Bombo.uasset" 426
"../../../../../../Users/johan/Documents/CursoUnreal/Groovy/JuegoMusica/Content/Widgets/PresentarInstrumentos.uasset" 427
"../../../../../../Users/johan/Documents/CursoUnreal/Groovy/JuegoMusica/Content/Sonidos/Fondos/SonidoGanar.uasset" 428
"../../../../../../Users/johan/Documents/CursoUnreal/Groovy/JuegoMusica/Content/Sonidos/Fondos/SC_SonidoGanar.uasset" 429
"../../../../../../Users/johan/Documents/CursoUnreal/Groovy/JuegoMusica/Content/Sonidos/Fondos/SonidoCulminacion.uasset" 430
"../../../../../../Users/johan/Documents/CursoUnreal/Groovy/JuegoMusica/Content/Sonidos/Fondos/SC_SonidoCulminacion.uasset" 431
"../../../../../../Users/johan/Documents/CursoUnreal/Groovy/JuegoMusica/Content/ThirdPersonCPP/Blueprints/RitmoBP.uasset" 432
"../../../../../../Users/johan/Documents/CursoUnreal/Groovy/JuegoMusica/Content/Widgets/EleccionRItmo.uasset" 433
"../../../../../../Users/johan/Documents/CursoUnreal/Groovy/JuegoMusica/Content/Sonidos/Instrumento/Audios/ridecaja_audio.uasset" 434
"../../../../../../Users/johan/Documents/CursoUnreal/Groovy/JuegoMusica/Content/Sonidos/Instrumento/Audios/ridebombo_audio.uasset" 435
"../../../../../../Users/johan/Documents/CursoUnreal/Groovy/JuegoMusica/Content/Sonidos/Instrumento/Audios/hihatcaja_audio.uasset" 436
"../../../../../../Users/johan/Documents/CursoUnreal/Groovy/JuegoMusica/Content/Sonidos/Instrumento/Audios/hihatbombo_audio.uasset" 437
"../../../../../../Users/johan/Documents/CursoUnreal/Groovy/JuegoMusica/Content/Sonidos/Instrumento/Audios/crashbombo_audio.uasset" 438
"../../../../../../Users/johan/Documents/CursoUnreal/Groovy/JuegoMusica/Content/Sonidos/Fondos/SonidoEntrenamiento.uasset" 439
"../../../../../../Users/johan/Documents/CursoUnreal/Groovy/JuegoMusica/Content/Movies/Entrenamiento/MP_Entrenamiento.uasset" 440
"../../../../../../Users/johan/Documents/CursoUnreal/Groovy/JuegoMusica/Content/Movies/Entrenamiento/MP_Entrenamiento_Video.uasset" 441
"../../../../../../Users/johan/Documents/CursoUnreal/Groovy/JuegoMusica/Content/Movies/Entrenamiento/Entrenamiento.uasset" 442
"../../../../../../Users/johan/Documents/CursoUnreal/Groovy/JuegoMusica/Content/Materiales/Texturas/boton.uasset" 443
"../../../../../../Users/johan/Documents/CursoUnreal/Groovy/JuegoMusica/Content/Widgets/Entrenamiento.uasset" 444
"../../../../../../Users/johan/Documents/CursoUnreal/Groovy/JuegoMusica/Content/Botones/BotonesDificultad/intermediopass.uasset" 445
"../../../../../../Users/johan/Documents/CursoUnreal/Groovy/JuegoMusica/Content/Botones/BotonesDificultad/intermedioclick.uasset" 446
"../../../../../../Users/johan/Documents/CursoUnreal/Groovy/JuegoMusica/Content/Botones/BotonesDificultad/intermedio.uasset" 447
"../../../../../../Users/johan/Documents/CursoUnreal/Groovy/JuegoMusica/Content/Botones/BotonesDificultad/facilpass.uasset" 448
"../../../../../../Users/johan/Documents/CursoUnreal/Groovy/JuegoMusica/Content/Botones/BotonesDificultad/facilclick.uasset" 449
"../../../../../../Users/johan/Documents/CursoUnreal/Groovy/JuegoMusica/Content/Botones/BotonesDificultad/facil.uasset" 450
"../../../../../../Users/johan/Documents/CursoUnreal/Groovy/JuegoMusica/Content/Botones/BotonesDificultad/dificilpass.uasset" 451
"../../../../../../Users/johan/Documents/CursoUnreal/Groovy/JuegoMusica/Content/Botones/BotonesDificultad/dificilclick.uasset" 452
"../../../../../../Users/johan/Documents/CursoUnreal/Groovy/JuegoMusica/Content/Botones/BotonesDificultad/dificil.uasset" 453
"../../../../../../Users/johan/Documents/CursoUnreal/Groovy/JuegoMusica/Content/Movies/Dificultad/MP_Dificultad.uasset" 454
"../../../../../../Users/johan/Documents/CursoUnreal/Groovy/JuegoMusica/Content/Movies/Dificultad/MP_Dificultad_Video.uasset" 455
"../../../../../../Users/johan/Documents/CursoUnreal/Groovy/JuegoMusica/Content/Movies/Dificultad/Dificultad.uasset" 456
"../../../../../../Users/johan/Documents/CursoUnreal/Groovy/JuegoMusica/Content/Widgets/EscogerDificultad.uasset" 457
"../../../../../../Users/johan/Documents/CursoUnreal/Groovy/JuegoMusica/Content/Botones/BotonSalir/Salir_pass-01.uasset" 458
"../../../../../../Users/johan/Documents/CursoUnreal/Groovy/JuegoMusica/Content/Botones/BotonSalir/Salir_click-01.uasset" 459
"../../../../../../Users/johan/Documents/CursoUnreal/Groovy/JuegoMusica/Content/Botones/BotonSalir/Salir-01.uasset" 460
"../../../../../../Users/johan/Documents/CursoUnreal/Groovy/JuegoMusica/Content/Botones/BotonJugar/Jugar_pass-01.uasset" 461
"../../../../../../Users/johan/Documents/CursoUnreal/Groovy/JuegoMusica/Content/Botones/BotonJugar/Jugar_click-01.uasset" 462
"../../../../../../Users/johan/Documents/CursoUnreal/Groovy/JuegoMusica/Content/Botones/BotonJugar/Jugar-01.uasset" 463
"../../../../../../Users/johan/Documents/CursoUnreal/Groovy/JuegoMusica/Content/Botones/BotonAyuda/Ayuda_pass-01.uasset" 464
"../../../../../../Users/johan/Documents/CursoUnreal/Groovy/JuegoMusica/Content/Botones/BotonAyuda/Ayuda_click-01.uasset" 465
"../../../../../../Users/johan/Documents/CursoUnreal/Groovy/JuegoMusica/Content/Botones/BotonAyuda/Ayuda-01.uasset" 466
"../../../../../../Users/johan/Documents/CursoUnreal/Groovy/JuegoMusica/Content/Movies/Intro/MP_Intro.uasset" 467
"../../../../../../Users/johan/Documents/CursoUnreal/Groovy/JuegoMusica/Content/Movies/Intro/MP_Intro_Video.uasset" 468
"../../../../../../Users/johan/Documents/CursoUnreal/Groovy/JuegoMusica/Content/Movies/Intro/groovy.uasset" 469
"../../../../../../Users/johan/Documents/CursoUnreal/Groovy/JuegoMusica/Content/Widgets/Intro.uasset" 470
"../../../../../../Users/johan/Documents/CursoUnreal/Groovy/JuegoMusica/Content/ThirdPersonCPP/Maps/MenuPrincipal.umap" 471
"../../../../../../Users/johan/Documents/CursoUnreal/Groovy/JuegoMusica/Content/Widgets/TextoIncorrecto.uasset" 472
"../../../../../../Users/johan/Documents/CursoUnreal/Groovy/JuegoMusica/Content/Widgets/TextoError2.uasset" 473
"../../../../../../Users/johan/Documents/CursoUnreal/Groovy/JuegoMusica/Content/Widgets/TextoError1.uasset" 474
"../../../../../../Users/johan/Documents/CursoUnreal/Groovy/JuegoMusica/Content/Widgets/TextoCorrecto.uasset" 475
"../../../../../../Users/johan/Documents/CursoUnreal/Groovy/JuegoMusica/Content/Efectos/Effects/P_HitEffect.uasset" 476
"../../../../../../Users/johan/Documents/CursoUnreal/Groovy/JuegoMusica/Content/Sonidos/Fondos/SonidoPerder__1_.uasset" 477
"../../../../../../Users/johan/Documents/CursoUnreal/Groovy/JuegoMusica/Content/Sonidos/Fondos/SC_Perder.uasset" 478
"../../../../../../Users/johan/Documents/CursoUnreal/Groovy/JuegoMusica/Content/ThirdPersonCPP/Blueprints/InstrumentoBP.uasset" 479
"../../../../../../Users/johan/Documents/CursoUnreal/Groovy/JuegoMusica/Content/ThirdPersonCPP/Blueprints/AdministradorDeInstrumentosBP.uasset" 480
"../../../../../../Users/johan/Documents/CursoUnreal/Groovy/JuegoMusica/Content/Botones/BotonPlay/BotonPlay-01.uasset" 481
"../../../../../../Users/johan/Documents/CursoUnreal/Groovy/JuegoMusica/Content/Sonidos/Fondos/CancionIntermedio.uasset" 482
"../../../../../../Users/johan/Documents/CursoUnreal/Groovy/JuegoMusica/Content/Sonidos/Fondos/SC_CancionIntermedio.uasset" 483
"../../../../../../Users/johan/Documents/CursoUnreal/Groovy/JuegoMusica/Content/Sonidos/Fondos/CancionFacil.uasset" 484
"../../../../../../Users/johan/Documents/CursoUnreal/Groovy/JuegoMusica/Content/Sonidos/Fondos/SC_CancionFacil.uasset" 485
"../../../../../../Users/johan/Documents/CursoUnreal/Groovy/JuegoMusica/Content/Sonidos/Fondos/CancionDificil.uasset" 486
"../../../../../../Users/johan/Documents/CursoUnreal/Groovy/JuegoMusica/Content/Sonidos/Fondos/SC_CancionDificil.uasset" 487
"../../../../../../Users/johan/Documents/CursoUnreal/Groovy/JuegoMusica/Content/Materiales/Texturas/corazon.uasset" 488
"../../../../../../Users/johan/Documents/CursoUnreal/Groovy/JuegoMusica/Content/Widgets/UI.uasset" 489
"../../../Engine/Content/EngineSky/T_Sky_Stars.uasset" 490
"../../../Engine/Content/EngineSky/T_Sky_Clouds_M.uasset" 491
"../../../Engine/Content/EngineSky/T_Sky_Blue.uasset" 492
"../../../Engine/Content/BasicShapes/Plane.uasset" 493
"../../../Engine/Content/EngineSky/M_Sky_Panning_Clouds2.uasset" 494
"../../../../../../Users/johan/Documents/CursoUnreal/Groovy/JuegoMusica/Content/ThirdPersonCPP/Maps/ThirdPersonExampleMap_BuiltData.uasset" 495
"../../../Engine/Content/EngineSky/SM_SkySphere.uasset" 496
"../../../Engine/Content/EngineSky/C_Sky_Zenith_Color.uasset" 497
"../../../Engine/Content/EngineSky/C_Sky_Horizon_Color.uasset" 498
"../../../Engine/Content/EngineSky/C_Sky_Cloud_Color.uasset" 499
"../../../Engine/Content/EngineSky/BP_Sky_Sphere.uasset" 500
"../../../../../../Users/johan/Documents/CursoUnreal/Groovy/JuegoMusica/Content/ThirdPersonCPP/Blueprints/Camera/CF_MovementCurve.uasset" 501
"../../../../../../Users/johan/Documents/CursoUnreal/Groovy/JuegoMusica/Content/ThirdPersonCPP/Blueprints/Camera/BP_CameraScene.uasset" 502
"../../../../../../Users/johan/Documents/CursoUnreal/Groovy/JuegoMusica/Content/Materiales/flecha2-02.uasset" 503
"../../../../../../Users/johan/Documents/CursoUnreal/Groovy/JuegoMusica/Content/Widgets/PauseMenu.uasset" 504
"../../../../../../Users/johan/Documents/CursoUnreal/Groovy/JuegoMusica/Content/ThirdPersonCPP/Blueprints/BP_BloquesLimitadores.uasset" 505
"../../../../../../Users/johan/Documents/CursoUnreal/Groovy/JuegoMusica/Content/Sonidos/Fondos/Aplausos.uasset" 506
"../../../../../../Users/johan/Documents/CursoUnreal/Groovy/JuegoMusica/Content/Materiales/Texturas/T_Ground_Grass_N.uasset" 507
"../../../../../../Users/johan/Documents/CursoUnreal/Groovy/JuegoMusica/Content/Materiales/Texturas/T_Ground_Grass_D.uasset" 508
"../../../../../../Users/johan/Documents/CursoUnreal/Groovy/JuegoMusica/Content/Materiales/Hierba.uasset" 509
"../../../../../../Users/johan/Documents/CursoUnreal/Groovy/JuegoMusica/Content/ThirdPersonCPP/Blueprints/CameraShake/BP_CameraShakeOverlapInstrument.uasset" 510
"../../../../../../Users/johan/Documents/CursoUnreal/Groovy/JuegoMusica/Content/ThirdPersonCPP/Blueprints/CameraShake/BP_CameraShake.uasset" 511
"../../../../../../Users/johan/Documents/CursoUnreal/Groovy/JuegoMusica/Content/ThirdPersonCPP/Blueprints/BP_Audiencia.uasset" 512
"../../../../../../Users/johan/Documents/CursoUnreal/Groovy/JuegoMusica/Content/Assets3D/Personaje/PersonajePrincipal/Animaciones/Right_Strafe_Walking.uasset" 513
"../../../../../../Users/johan/Documents/CursoUnreal/Groovy/JuegoMusica/Content/Assets3D/Personaje/PersonajePrincipal/Animaciones/Right_Strafe__1_.uasset" 514
"../../../../../../Users/johan/Documents/CursoUnreal/Groovy/JuegoMusica/Content/Assets3D/Personaje/PersonajePrincipal/Animaciones/Left_Strafe_Walking.uasset" 515
"../../../../../../Users/johan/Documents/CursoUnreal/Groovy/JuegoMusica/Content/Assets3D/Personaje/PersonajePrincipal/Animaciones/Left_Strafe.uasset" 516
"../../../../../../Users/johan/Documents/CursoUnreal/Groovy/JuegoMusica/Content/Assets3D/Personaje/PersonajePrincipal/Animaciones/BS_RunCharacter.uasset" 517
"../../../../../../Users/johan/Documents/CursoUnreal/Groovy/JuegoMusica/Content/Assets3D/Personaje/PersonajePrincipal/Animaciones/StartJumpRight.uasset" 518
"../../../../../../Users/johan/Documents/CursoUnreal/Groovy/JuegoMusica/Content/Assets3D/Personaje/PersonajePrincipal/Animaciones/StartJumpLeft.uasset" 519
"../../../../../../Users/johan/Documents/CursoUnreal/Groovy/JuegoMusica/Content/Assets3D/Personaje/PersonajePrincipal/Animaciones/Playing_Drums__1_.uasset" 520
"../../../../../../Users/johan/Documents/CursoUnreal/Groovy/JuegoMusica/Content/Assets3D/Personaje/PersonajePrincipal/Animaciones/FallingRight.uasset" 521
"../../../../../../Users/johan/Documents/CursoUnreal/Groovy/JuegoMusica/Content/Assets3D/Personaje/PersonajePrincipal/Animaciones/FallingLeft.uasset" 522
"../../../../../../Users/johan/Documents/CursoUnreal/Groovy/JuegoMusica/Content/Assets3D/Personaje/PersonajePrincipal/Animaciones/Defeated.uasset" 523
"../../../../../../Users/johan/Documents/CursoUnreal/Groovy/JuegoMusica/Content/Assets3D/Personaje/PersonajePrincipal/Animaciones/Arm_Stretching.uasset" 524
"../../../../../../Users/johan/Documents/CursoUnreal/Groovy/JuegoMusica/Content/Assets3D/Personaje/PersonajePrincipal/Animaciones/AirboundRight.uasset" 525
"../../../../../../Users/johan/Documents/CursoUnreal/Groovy/JuegoMusica/Content/Assets3D/Personaje/PersonajePrincipal/Animaciones/AiirboundLeft.uasset" 526
"../../../../../../Users/johan/Documents/CursoUnreal/Groovy/JuegoMusica/Content/Assets3D/Personaje/PersonajePrincipal/Animaciones/ABP_Character.uasset" 527
"../../../../../../Users/johan/Documents/CursoUnreal/Groovy/JuegoMusica/Content/Assets3D/Personaje/PersonajePrincipal/phongE1SG.uasset" 528
"../../../../../../Users/johan/Documents/CursoUnreal/Groovy/JuegoMusica/Content/Assets3D/Personaje/PersonajePrincipal/Mat_Color_1.uasset" 529
"../../../../../../Users/johan/Documents/CursoUnreal/Groovy/JuegoMusica/Content/Assets3D/Personaje/PersonajePrincipal/Lentes.uasset" 530
"../../../../../../Users/johan/Documents/CursoUnreal/Groovy/JuegoMusica/Content/Assets3D/Personaje/PersonajePrincipal/lambert5SG.uasset" 531
"../../../../../../Users/johan/Documents/CursoUnreal/Groovy/JuegoMusica/Content/Assets3D/Personaje/PersonajePrincipal/jean.uasset" 532
"../../../../../../Users/johan/Documents/CursoUnreal/Groovy/JuegoMusica/Content/Assets3D/Personaje/PersonajePrincipal/lambert3SG.uasset" 533
"../../../../../../Users/johan/Documents/CursoUnreal/Groovy/JuegoMusica/Content/Assets3D/Personaje/PersonajePrincipal/Gorra.uasset" 534
"../../../../../../Users/johan/Documents/CursoUnreal/Groovy/JuegoMusica/Content/Assets3D/Personaje/PersonajePrincipal/Boy_tongue_plySG1.uasset" 535
"../../../../../../Users/johan/Documents/CursoUnreal/Groovy/JuegoMusica/Content/Assets3D/Personaje/PersonajePrincipal/Boy_retinaLft_plySG1.uasset" 536
"../../../../../../Users/johan/Documents/CursoUnreal/Groovy/JuegoMusica/Content/Assets3D/Personaje/PersonajePrincipal/Boy_irisLft_plySG1.uasset" 537
"../../../../../../Users/johan/Documents/CursoUnreal/Groovy/JuegoMusica/Content/Assets3D/Personaje/PersonajePrincipal/Boy_eyeSpecLft_plySG1.uasset" 538
"../../../../../../Users/johan/Documents/CursoUnreal/Groovy/JuegoMusica/Content/Assets3D/Personaje/PersonajePrincipal/Boy_eyeBallLft_plySG1.uasset" 539
"../../../../../../Users/johan/Documents/CursoUnreal/Groovy/JuegoMusica/Content/Assets3D/Personaje/PersonajePrincipal/PersonajeGroovy.uasset" 540
"../../../../../../Users/johan/Documents/CursoUnreal/Groovy/JuegoMusica/Content/ThirdPersonCPP/Blueprints/ThirdPersonCharacter.uasset" 541
"../../../../../../Users/johan/Documents/CursoUnreal/Groovy/JuegoMusica/Content/Assets3D/Escenario/M_Techo.uasset" 542
"../../../../../../Users/johan/Documents/CursoUnreal/Groovy/JuegoMusica/Content/Assets3D/Escenario/Techo.uasset" 543
"../../../../../../Users/johan/Documents/CursoUnreal/Groovy/JuegoMusica/Content/Assets3D/Escenario/TelaAmplificadoresTexture.uasset" 544
"../../../../../../Users/johan/Documents/CursoUnreal/Groovy/JuegoMusica/Content/Assets3D/Escenario/M_Amplificadores.uasset" 545
"../../../../../../Users/johan/Documents/CursoUnreal/Groovy/JuegoMusica/Content/Assets3D/Escenario/RetornosDelanteros.uasset" 546
"../../../../../../Users/johan/Documents/CursoUnreal/Groovy/JuegoMusica/Content/Assets3D/Escenario/MetalTexture.uasset" 547
"../../../../../../Users/johan/Documents/CursoUnreal/Groovy/JuegoMusica/Content/Assets3D/Escenario/M_EscenarioTexture.uasset" 548
"../../../../../../Users/johan/Documents/CursoUnreal/Groovy/JuegoMusica/Content/Assets3D/Escenario/Piso.uasset" 549
"../../../../../../Users/johan/Documents/CursoUnreal/Groovy/JuegoMusica/Content/Assets3D/Escenario/MaderaTexture.uasset" 550
"../../../../../../Users/johan/Documents/CursoUnreal/Groovy/JuegoMusica/Content/Assets3D/Escenario/M_Madera.uasset" 551
"../../../../../../Users/johan/Documents/CursoUnreal/Groovy/JuegoMusica/Content/Assets3D/Escenario/MetalGalvanizadoTexture.uasset" 552
"../../../../../../Users/johan/Documents/CursoUnreal/Groovy/JuegoMusica/Content/Assets3D/Escenario/M_Estructura.uasset" 553
"../../../../../../Users/johan/Documents/CursoUnreal/Groovy/JuegoMusica/Content/Assets3D/Escenario/LimitesEscenario.uasset" 554
"../../../../../../Users/johan/Documents/CursoUnreal/Groovy/JuegoMusica/Content/Assets3D/Escenario/EstructuraEscenario.uasset" 555
"../../../../../../Users/johan/Documents/CursoUnreal/Groovy/JuegoMusica/Content/Assets3D/Escenario/Amplificadores.uasset" 556
"../../../../../../Users/johan/Documents/CursoUnreal/Groovy/JuegoMusica/Content/Assets3D/Barras/Vallas.uasset" 557
"../../../../../../Users/johan/Documents/CursoUnreal/Groovy/JuegoMusica/Content/Materiales/Texturas/tom2_1Surface_Color.uasset" 558
"../../../../../../Users/johan/Documents/CursoUnreal/Groovy/JuegoMusica/Content/Materiales/Texturas/tom2_1Ambient_Occlusion.uasset" 559
"../../../../../../Users/johan/Documents/CursoUnreal/Groovy/JuegoMusica/Content/Materiales/Tom2.uasset" 560
"../../../../../../Users/johan/Documents/CursoUnreal/Groovy/JuegoMusica/Content/Assets3D/Tom2.uasset" 561
"../../../../../../Users/johan/Documents/CursoUnreal/Groovy/JuegoMusica/Content/Materiales/Texturas/tom1_1Surface_Color.uasset" 562
"../../../../../../Users/johan/Documents/CursoUnreal/Groovy/JuegoMusica/Content/Materiales/Texturas/tom1_1Ambient_Occlusion.uasset" 563
"../../../../../../Users/johan/Documents/CursoUnreal/Groovy/JuegoMusica/Content/Materiales/Tom1.uasset" 564
"../../../../../../Users/johan/Documents/CursoUnreal/Groovy/JuegoMusica/Content/Assets3D/Tom1.uasset" 565
"../../../../../../Users/johan/Documents/CursoUnreal/Groovy/JuegoMusica/Content/Materiales/Texturas/platillo_1Surface_Color.uasset" 566
"../../../../../../Users/johan/Documents/CursoUnreal/Groovy/JuegoMusica/Content/Materiales/Platilllo.uasset" 567
"../../../../../../Users/johan/Documents/CursoUnreal/Groovy/JuegoMusica/Content/Assets3D/Platillo.uasset" 568
"../../../../../../Users/johan/Documents/CursoUnreal/Groovy/JuegoMusica/Content/Materiales/Texturas/hihat_1Surface_Color.uasset" 569
"../../../../../../Users/johan/Documents/CursoUnreal/Groovy/JuegoMusica/Content/Materiales/Hihat.uasset" 570
"../../../../../../Users/johan/Documents/CursoUnreal/Groovy/JuegoMusica/Content/Assets3D/Hihat.uasset" 571
"../../../../../../Users/johan/Documents/CursoUnreal/Groovy/JuegoMusica/Content/Materiales/Texturas/caja_1Surface_Color.uasset" 572
"../../../../../../Users/johan/Documents/CursoUnreal/Groovy/JuegoMusica/Content/Materiales/Texturas/caja_1Ambient_Occlusion.uasset" 573
"../../../../../../Users/johan/Documents/CursoUnreal/Groovy/JuegoMusica/Content/Materiales/Caja.uasset" 574
"../../../../../../Users/johan/Documents/CursoUnreal/Groovy/JuegoMusica/Content/Assets3D/Caja.uasset" 575
"../../../../../../Users/johan/Documents/CursoUnreal/Groovy/JuegoMusica/Content/Materiales/Texturas/bombo_1Surface_Color.uasset" 576
"../../../../../../Users/johan/Documents/CursoUnreal/Groovy/JuegoMusica/Content/Materiales/Texturas/bombo_1Ambient_Occlusion.uasset" 577
"../../../../../../Users/johan/Documents/CursoUnreal/Groovy/JuegoMusica/Content/Materiales/Bombo.uasset" 578
"../../../../../../Users/johan/Documents/CursoUnreal/Groovy/JuegoMusica/Content/Assets3D/Bombo.uasset" 579
"../../../../../../Users/johan/Documents/CursoUnreal/Groovy/JuegoMusica/Content/ThirdPersonCPP/Maps/ThirdPersonExampleMap.umap" 580
"../../../Engine/Content/Maps/Entry_BuiltData.uasset" 581
"../../../Engine/Content/Maps/Entry.umap" 582
